{"logLevel":"debug","message":"multithreading is set to false"}
{"logLevel":"debug","message":"Using reflection to scan dependencies for gauge implementations..."}
SLF4J: Failed to load class "org.slf4j.impl.StaticLoggerBinder".
SLF4J: Defaulting to no-operation (NOP) logger implementation
SLF4J: See http://www.slf4j.org/codes.html#StaticLoggerBinder for further details.
{"logLevel":"debug","message":"gauge-java took 3044milliseconds to load and scan. This should be less than 'runner_connection_timeout' config value."}
{"logLevel":"debug","message":"run 'gauge config runner_connection_timeout' and verify that it is < 3044"}
{"logLevel":"debug","message":"starting gRPC server..."}
{"logLevel":"debug","message":"started gRPC server on port 50769"}
{"logLevel":"info","message":"Listening on port:50769"}
{"logLevel":"debug","message":"Scanning packages for steps"}
{"logLevel":"debug","message":"Comparing 'HomePageStepImpl.assertTrue' and 'HomePageStepImpl.assertTrue'"}
{"logLevel":"debug","message":"Found {} li ve {} isimli sayfa açık mı in current project scope."}
{"logLevel":"debug","message":"Comparing 'LogInStepImpl.sendKeysWithCss' and 'LogInStepImpl.sendKeysWithCss'"}
{"logLevel":"debug","message":"Found {} css'li yere {} yazısını yaz in current project scope."}
{"logLevel":"debug","message":"Comparing 'HomePageStepImpl.click' and 'HomePageStepImpl.click'"}
{"logLevel":"debug","message":"Found {} li elemente tıkla in current project scope."}
{"logLevel":"debug","message":"Comparing 'HomePageStepImpl.click' and 'LogInStepImpl.click'"}
{"logLevel":"debug","message":"Comparing 'LogInStepImpl.click' and 'LogInStepImpl.click'"}
{"logLevel":"debug","message":"Found {} li elemente tıkla in current project scope."}
{"logLevel":"debug","message":"Comparing 'LogInStepImpl.sendKeysWithId' and 'LogInStepImpl.sendKeysWithId'"}
{"logLevel":"debug","message":"Found {} id'li yere {} yazısını yaz in current project scope."}
{"logLevel":"debug","message":"Scanning packages for hooks"}
{"logLevel":"debug","message":"Scanned steps (using static parsing + reflections): "}
{"logLevel":"debug","message":"\t{} li elemente tıkla : public void click(String css)"}
{"logLevel":"debug","message":"\t{} li ve {} isimli sayfa açık mı : public void assertTrue(String url, String name)"}
{"logLevel":"debug","message":"\t{} css'li yere {} yazısını yaz : public void sendKeysWithCss(String css, String text)"}
{"logLevel":"debug","message":"\t{} id'li yere {} yazısını yaz : public void sendKeysWithId(String id, String text)"}
{"logLevel":"debug","message":"Killing Java runner..."}
{"logLevel":"debug","message":"Stopping execution pool..."}
{"logLevel":"debug","message":"Shutting down grpc server..."}
{"logLevel":"debug","message":"Runner killed gracefully."}
