{"logLevel":"debug","message":"multithreading is set to false"}
{"logLevel":"debug","message":"Using reflection to scan dependencies for gauge implementations..."}
SLF4J: Failed to load class "org.slf4j.impl.StaticLoggerBinder".
SLF4J: Defaulting to no-operation (NOP) logger implementation
SLF4J: See http://www.slf4j.org/codes.html#StaticLoggerBinder for further details.
{"logLevel":"debug","message":"gauge-java took 2697milliseconds to load and scan. This should be less than 'runner_connection_timeout' config value."}
{"logLevel":"debug","message":"run 'gauge config runner_connection_timeout' and verify that it is < 2697"}
{"logLevel":"debug","message":"starting gRPC server..."}
{"logLevel":"debug","message":"started gRPC server on port 63638"}
{"logLevel":"info","message":"Listening on port:63638"}
{"logLevel":"debug","message":"Scanning packages for steps"}
{"logLevel":"debug","message":"Comparing 'HomePageStepImpl.assertTrue' and 'HomePageStepImpl.assertTrue'"}
{"logLevel":"debug","message":"Found {} li ve {} isimli sayfa açık mı in current project scope."}
{"logLevel":"debug","message":"Comparing 'SearchPageStepImpl.click' and 'SearchPageStepImpl.click'"}
{"logLevel":"debug","message":"Found {} css'li elemente tıklaa in current project scope."}
{"logLevel":"debug","message":"Comparing 'SearchPageStepImpl.sendKeysWithCss' and 'SearchPageStepImpl.sendKeysWithCss'"}
{"logLevel":"debug","message":"Found {} css'li yere {} yazısını yaz in current project scope."}
{"logLevel":"debug","message":"Comparing 'SearchPageStepImpl.getText' and 'SearchPageStepImpl.getText'"}
{"logLevel":"debug","message":"Found {} xpath'li elementin içinde {} texti yazıyor mu in current project scope."}
{"logLevel":"debug","message":"Comparing 'HomePageStepImpl.click' and 'HomePageStepImpl.click'"}
{"logLevel":"debug","message":"Found {} li elemente tıkla in current project scope."}
{"logLevel":"debug","message":"Comparing 'LogInStepImpl.click' and 'LogInStepImpl.click'"}
{"logLevel":"debug","message":"Found {} css'li elemente tıkla in current project scope."}
{"logLevel":"debug","message":"Comparing 'LogInStepImpl.sendKeysWithId' and 'LogInStepImpl.sendKeysWithId'"}
{"logLevel":"debug","message":"Found {} id'li yere {} yazısını yaz in current project scope."}
{"logLevel":"debug","message":"Comparing 'LogInStepImpl.waitImplementation' and 'LogInStepImpl.waitImplementation'"}
{"logLevel":"debug","message":"Found {} saniye kadar bekle! in current project scope."}
{"logLevel":"debug","message":"Scanning packages for hooks"}
{"logLevel":"debug","message":"Scanned steps (using static parsing + reflections): "}
{"logLevel":"debug","message":"\t{} li elemente tıkla : public void click(String css)"}
{"logLevel":"debug","message":"\t{} css'li elemente tıkla : public void click(String css)"}
{"logLevel":"debug","message":"\t{} li ve {} isimli sayfa açık mı : public void assertTrue(String url, String name)"}
{"logLevel":"debug","message":"\t{} css'li elemente tıklaa : public void click(String css)"}
{"logLevel":"debug","message":"\t{} css'li yere {} yazısını yaz : public void sendKeysWithCss(String css, String text)"}
{"logLevel":"debug","message":"\t{} xpath'li elementin içinde {} texti yazıyor mu : public void getText(String xpath, String text)"}
{"logLevel":"debug","message":"\t{} id'li yere {} yazısını yaz : public void sendKeysWithId(String id, String text)"}
{"logLevel":"debug","message":"\t{} saniye kadar bekle! : public void waitImplementation(ınt second) throws InterruptedException"}
Starting ChromeDriver 94.0.4606.61 (418b78f5838ed0b1c69bb4e51ea0252171854915-refs/branch-heads/4606@{#1204}) on port 30906
Only local connections are allowed.
Please see https://chromedriver.chromium.org/security-considerations for suggestions on keeping ChromeDriver safe.
ChromeDriver was started successfully.
Eki 06, 2021 2:41:16 AM org.openqa.selenium.remote.ProtocolHandshake createSession
INFO: Detected dialect: W3C
{"logLevel":"debug","message":"Executing '{} li ve {} isimli sayfa açık mı' using 'class HomePageStepImpl.assertTrue"}
{"logLevel":"debug","message":"Executing '{} li elemente tıkla' using 'class HomePageStepImpl.click"}
{"logLevel":"debug","message":"Executing '{} li elemente tıkla' using 'class HomePageStepImpl.click"}
{"logLevel":"debug","message":"Executing '{} id'li yere {} yazısını yaz' using 'class LogInStepImpl.sendKeysWithId"}
{"logLevel":"debug","message":"Executing '{} id'li yere {} yazısını yaz' using 'class LogInStepImpl.sendKeysWithId"}
{"logLevel":"debug","message":"Executing '{} css'li elemente tıkla' using 'class LogInStepImpl.click"}
{"logLevel":"debug","message":"Executing '{} saniye kadar bekle!' using 'class LogInStepImpl.waitImplementation"}
{"logLevel":"debug","message":"Executing '{} css'li yere {} yazısını yaz' using 'class SearchPageStepImpl.sendKeysWithCss"}
{"logLevel":"debug","message":"Executing '{} css'li elemente tıklaa' using 'class SearchPageStepImpl.click"}
{"logLevel":"debug","message":"Executing '{} saniye kadar bekle!' using 'class LogInStepImpl.waitImplementation"}
{"logLevel":"debug","message":"Executing '{} xpath'li elementin içinde {} texti yazıyor mu' using 'class SearchPageStepImpl.getText"}
{"logLevel":"debug","message":"Killing Java runner..."}
{"logLevel":"debug","message":"Stopping execution pool..."}
{"logLevel":"debug","message":"Shutting down grpc server..."}
{"logLevel":"debug","message":"Runner killed gracefully."}
