{"logLevel":"debug","message":"multithreading is set to false"}
{"logLevel":"debug","message":"Using reflection to scan dependencies for gauge implementations..."}
SLF4J: Failed to load class "org.slf4j.impl.StaticLoggerBinder".
SLF4J: Defaulting to no-operation (NOP) logger implementation
SLF4J: See http://www.slf4j.org/codes.html#StaticLoggerBinder for further details.
{"logLevel":"debug","message":"gauge-java took 2726milliseconds to load and scan. This should be less than 'runner_connection_timeout' config value."}
{"logLevel":"debug","message":"run 'gauge config runner_connection_timeout' and verify that it is < 2726"}
{"logLevel":"debug","message":"starting gRPC server..."}
{"logLevel":"debug","message":"started gRPC server on port 64161"}
{"logLevel":"info","message":"Listening on port:64161"}
{"logLevel":"debug","message":"Scanning packages for steps"}
{"logLevel":"debug","message":"Comparing 'SearchPageStepImpl.sendKeysWithCss' and 'SearchPageStepImpl.sendKeysWithCss'"}
{"logLevel":"debug","message":"Found Write the text {} in the element with the css {} to search in current project scope."}
{"logLevel":"debug","message":"Comparing 'HomePageStepImpl.clickCloseButton' and 'HomePageStepImpl.clickCloseButton'"}
{"logLevel":"debug","message":"Found Click close button to close ads element with this css {} at home page in current project scope."}
{"logLevel":"debug","message":"Comparing 'MyFavoritesPageStepImpl.click' and 'MyFavoritesPageStepImpl.click'"}
{"logLevel":"debug","message":"Found Click element with this css {} to remove button in current project scope."}
{"logLevel":"debug","message":"Comparing 'ProductListPageStepImpl.clickToFavs' and 'ProductListPageStepImpl.clickToFavs'"}
{"logLevel":"debug","message":"Found Click element with this css {} to go to 'My Favorites' pages in current project scope."}
{"logLevel":"debug","message":"Comparing 'LogInStepImpl.sendKeysWithCss' and 'LogInStepImpl.sendKeysWithCss'"}
{"logLevel":"debug","message":"Found Write the text {} in the element with the id {} to log in operations in current project scope."}
{"logLevel":"debug","message":"Comparing 'MyFavoritesPageStepImpl.waitImplementation' and 'MyFavoritesPageStepImpl.waitImplementation'"}
{"logLevel":"debug","message":"Found Wait for {} seconds to taking infos in current project scope."}
{"logLevel":"debug","message":"Comparing 'HomePageStepImpl.assertTrueToHomePage' and 'HomePageStepImpl.assertTrueToHomePage'"}
{"logLevel":"debug","message":"Found Check is open Trenyol with this url {} in current project scope."}
{"logLevel":"debug","message":"Comparing 'MyFavoritesPageStepImpl.checkEmptyMyFavorites' and 'MyFavoritesPageStepImpl.checkEmptyMyFavorites'"}
{"logLevel":"debug","message":"Found Check the text {} in the element with the css {} to favorites operations in current project scope."}
{"logLevel":"debug","message":"Comparing 'SearchPageStepImpl.waitImplementation' and 'SearchPageStepImpl.waitImplementation'"}
{"logLevel":"debug","message":"Found Wait for {} seconds to search in current project scope."}
{"logLevel":"debug","message":"Comparing 'SearchPageStepImpl.click' and 'SearchPageStepImpl.click'"}
{"logLevel":"debug","message":"Found Click search button element with this css {} in current project scope."}
{"logLevel":"debug","message":"Comparing 'HomePageStepImpl.acceptCookies' and 'HomePageStepImpl.acceptCookies'"}
{"logLevel":"debug","message":"Found Accept cookies in current project scope."}
{"logLevel":"debug","message":"Comparing 'MyFavoritesPageStepImpl.checkSameProduct' and 'MyFavoritesPageStepImpl.checkSameProduct'"}
{"logLevel":"debug","message":"Found Check are products same in current project scope."}
{"logLevel":"debug","message":"Comparing 'MyFavoritesPageStepImpl.saveForRequestOne' and 'MyFavoritesPageStepImpl.saveForRequestOne'"}
{"logLevel":"debug","message":"Found Take infos the product that in 'My Favorites' page in current project scope."}
{"logLevel":"debug","message":"Comparing 'HomePageStepImpl.clickLogInButton' and 'HomePageStepImpl.clickLogInButton'"}
{"logLevel":"debug","message":"Found Click log in button to open log ın page element with this css {} at home page in current project scope."}
{"logLevel":"debug","message":"Comparing 'SearchPageStepImpl.getText' and 'SearchPageStepImpl.getText'"}
{"logLevel":"debug","message":"Found Check the text {} in the element with this xpath {} to search page in current project scope."}
{"logLevel":"debug","message":"Comparing 'ProductListPageStepImpl.clickInListForRequestOne' and 'ProductListPageStepImpl.clickInListForRequestOne'"}
{"logLevel":"debug","message":"Found Click the i {} button among the elements with css {} in current project scope."}
{"logLevel":"debug","message":"Comparing 'MyFavoritesPageStepImpl.saveInListForRequestOne' and 'MyFavoritesPageStepImpl.saveInListForRequestOne'"}
{"logLevel":"debug","message":"Found Take infos the third product in search page in current project scope."}
{"logLevel":"debug","message":"Comparing 'LogInStepImpl.click' and 'LogInStepImpl.click'"}
{"logLevel":"debug","message":"Found Click submit button element with this css {} in current project scope."}
{"logLevel":"debug","message":"Comparing 'LogInStepImpl.waitImplementation' and 'LogInStepImpl.waitImplementation'"}
{"logLevel":"debug","message":"Found Wait for {} seconds to managing log in in current project scope."}
{"logLevel":"debug","message":"Scanning packages for hooks"}
{"logLevel":"debug","message":"Scanned steps (using static parsing + reflections): "}
{"logLevel":"debug","message":"\tClick element with this css {} to go to 'My Favorites' pages : public void clickToFavs(String css)"}
{"logLevel":"debug","message":"\tClick log in button to open log ın page element with this css {} at home page : public void clickLogInButton(String css)"}
{"logLevel":"debug","message":"\tTake infos the product that in 'My Favorites' page : public String saveForRequestOne()"}
{"logLevel":"debug","message":"\tCheck the text {} in the element with this xpath {} to search page : public void getText(String text, String xpath)"}
{"logLevel":"debug","message":"\tClick the i {} button among the elements with css {} : public void clickInListForRequestOne(ınt i, String css)"}
{"logLevel":"debug","message":"\tClick close button to close ads element with this css {} at home page : public void clickCloseButton(String css)"}
{"logLevel":"debug","message":"\tAccept cookies : public void acceptCookies()"}
{"logLevel":"debug","message":"\tWait for {} seconds to taking infos : public void waitImplementation(ınt second) throws InterruptedException"}
{"logLevel":"debug","message":"\tCheck are products same : public void checkSameProduct()"}
{"logLevel":"debug","message":"\tClick element with this css {} to remove button : public void click(String css)"}
{"logLevel":"debug","message":"\tWrite the text {} in the element with the id {} to log in operations : public void sendKeysWithCss(String text, String id)"}
{"logLevel":"debug","message":"\tWrite the text {} in the element with the css {} to search : public void sendKeysWithCss(String text, String css)"}
{"logLevel":"debug","message":"\tWait for {} seconds to search : public void waitImplementation(ınt second) throws InterruptedException"}
{"logLevel":"debug","message":"\tClick search button element with this css {} : public void click(String css)"}
{"logLevel":"debug","message":"\tCheck is open Trenyol with this url {} : public void assertTrueToHomePage(String url)"}
{"logLevel":"debug","message":"\tTake infos the third product in search page : public String saveInListForRequestOne()"}
{"logLevel":"debug","message":"\tCheck the text {} in the element with the css {} to favorites operations : public void checkEmptyMyFavorites(String text, String css)"}
{"logLevel":"debug","message":"\tClick submit button element with this css {} : public void click(String css)"}
{"logLevel":"debug","message":"\tWait for {} seconds to managing log in : public void waitImplementation(ınt second) throws InterruptedException"}
Starting ChromeDriver 94.0.4606.61 (418b78f5838ed0b1c69bb4e51ea0252171854915-refs/branch-heads/4606@{#1204}) on port 28837
Only local connections are allowed.
Please see https://chromedriver.chromium.org/security-considerations for suggestions on keeping ChromeDriver safe.
ChromeDriver was started successfully.
Eki 08, 2021 1:10:11 AM org.openqa.selenium.remote.ProtocolHandshake createSession
INFO: Detected dialect: W3C
{"logLevel":"debug","message":"Executing 'Check is open Trenyol with this url {}' using 'class HomePageStepImpl.assertTrueToHomePage"}
{"logLevel":"debug","message":"Executing 'Click close button to close ads element with this css {} at home page' using 'class HomePageStepImpl.clickCloseButton"}
{"logLevel":"debug","message":"Executing 'Accept cookies' using 'class HomePageStepImpl.acceptCookies"}
{"logLevel":"debug","message":"Executing 'Click log in button to open log ın page element with this css {} at home page' using 'class HomePageStepImpl.clickLogInButton"}
{"logLevel":"debug","message":"Executing 'Write the text {} in the element with the id {} to log in operations' using 'class LogInStepImpl.sendKeysWithCss"}
{"logLevel":"debug","message":"Executing 'Write the text {} in the element with the id {} to log in operations' using 'class LogInStepImpl.sendKeysWithCss"}
{"logLevel":"debug","message":"Executing 'Wait for {} seconds to managing log in' using 'class LogInStepImpl.waitImplementation"}
{"logLevel":"debug","message":"Executing 'Click submit button element with this css {}' using 'class LogInStepImpl.click"}
{"logLevel":"debug","message":"Executing 'Wait for {} seconds to managing log in' using 'class LogInStepImpl.waitImplementation"}
{"logLevel":"debug","message":"Executing 'Write the text {} in the element with the css {} to search' using 'class SearchPageStepImpl.sendKeysWithCss"}
{"logLevel":"debug","message":"Executing 'Wait for {} seconds to search' using 'class SearchPageStepImpl.waitImplementation"}
{"logLevel":"debug","message":"Executing 'Click search button element with this css {}' using 'class SearchPageStepImpl.click"}
{"logLevel":"debug","message":"Executing 'Check the text {} in the element with this xpath {} to search page' using 'class SearchPageStepImpl.getText"}
{"logLevel":"debug","message":"Executing 'Take infos the third product in search page' using 'class MyFavoritesPageStepImpl.saveInListForRequestOne"}
{"logLevel":"debug","message":"Executing 'Wait for {} seconds to taking infos' using 'class MyFavoritesPageStepImpl.waitImplementation"}
{"logLevel":"debug","message":"Executing 'Click the i {} button among the elements with css {}' using 'class ProductListPageStepImpl.clickInListForRequestOne"}
{"logLevel":"debug","message":"Executing 'Click element with this css {} to go to 'My Favorites' pages' using 'class ProductListPageStepImpl.clickToFavs"}
{"logLevel":"debug","message":"Executing 'Take infos the product that in 'My Favorites' page' using 'class MyFavoritesPageStepImpl.saveForRequestOne"}
{"logLevel":"debug","message":"Killing Java runner..."}
{"logLevel":"debug","message":"Stopping execution pool..."}
{"logLevel":"debug","message":"Shutting down grpc server..."}
{"logLevel":"debug","message":"Runner killed gracefully."}
